[2025-07-09 05:07:44] local.INFO: Getting clients for user ID: 2  
[2025-07-09 05:07:44] local.INFO: Found 2 clients for user 2  
[2025-07-09 05:07:44] local.INFO: Clients data: [{"id":2,"user_id":2,"client_name":"client 1","client_email":"client1@gmail.com","client_status":"Active","last_accessed":"2025-07-08T05:07:44.000000Z","created_at":"2025-06-24T09:30:50.000000Z","updated_at":"2025-07-08T05:07:44.000000Z"},{"id":3,"user_id":2,"client_name":"Client Name 02","client_email":"Email2@gmail.com","client_status":"Active","last_accessed":"2025-07-02T05:21:41.000000Z","created_at":"2025-06-26T05:37:58.000000Z","updated_at":"2025-07-02T05:21:41.000000Z"}]  
[2025-07-09 05:07:45] local.INFO: CheckSubscription: Checking subscription {"user_id":2,"subscription":{"id":51,"status":"trial","trial_ends_at":"2025-07-11 04:57:13","now":"2025-07-09 05:07:45"}} 
[2025-07-09 05:07:45] local.INFO: CheckSubscription: Active subscription found, proceeding  
[2025-07-09 05:07:52] local.INFO: Notes save request {"user_id":2,"save_type":"user","client_id":null,"note_title":"Short title
1 This Act may be cited as the Immigr...","note_content_length":2342} 
[2025-07-09 05:08:20] local.INFO: CheckSubscription: Checking subscription {"user_id":2,"subscription":{"id":51,"status":"trial","trial_ends_at":"2025-07-11 04:57:13","now":"2025-07-09 05:08:20"}} 
[2025-07-09 05:08:20] local.INFO: CheckSubscription: Active subscription found, proceeding  
[2025-07-09 05:08:20] local.INFO: Getting clients for user ID: 2  
[2025-07-09 05:08:20] local.INFO: Found 2 clients for user 2  
[2025-07-09 05:08:20] local.INFO: Clients data: [{"id":2,"user_id":2,"client_name":"client 1","client_email":"client1@gmail.com","client_status":"Active","last_accessed":"2025-07-08T05:07:44.000000Z","created_at":"2025-06-24T09:30:50.000000Z","updated_at":"2025-07-08T05:07:44.000000Z"},{"id":3,"user_id":2,"client_name":"Client Name 02","client_email":"Email2@gmail.com","client_status":"Active","last_accessed":"2025-07-02T05:21:41.000000Z","created_at":"2025-06-26T05:37:58.000000Z","updated_at":"2025-07-02T05:21:41.000000Z"}]  
[2025-07-09 05:08:39] local.INFO: CheckSubscription: Checking subscription {"user_id":2,"subscription":{"id":51,"status":"trial","trial_ends_at":"2025-07-11 04:57:13","now":"2025-07-09 05:08:39"}} 
[2025-07-09 05:08:39] local.INFO: CheckSubscription: Active subscription found, proceeding  
[2025-07-09 05:08:39] local.INFO: Getting clients for user ID: 2  
[2025-07-09 05:08:39] local.INFO: Found 2 clients for user 2  
[2025-07-09 05:08:39] local.INFO: Clients data: [{"id":2,"user_id":2,"client_name":"client 1","client_email":"client1@gmail.com","client_status":"Active","last_accessed":"2025-07-08T05:07:44.000000Z","created_at":"2025-06-24T09:30:50.000000Z","updated_at":"2025-07-08T05:07:44.000000Z"},{"id":3,"user_id":2,"client_name":"Client Name 02","client_email":"Email2@gmail.com","client_status":"Active","last_accessed":"2025-07-02T05:21:41.000000Z","created_at":"2025-06-26T05:37:58.000000Z","updated_at":"2025-07-02T05:21:41.000000Z"}]  
[2025-07-09 05:08:41] local.INFO: Notes save request {"user_id":2,"save_type":"client","client_id":2,"note_title":"(1) Objectives — immigration
 
The objectives of...","note_content_length":1552} 
[2025-07-09 05:08:50] local.INFO: CheckSubscription: Checking subscription {"user_id":2,"subscription":{"id":51,"status":"trial","trial_ends_at":"2025-07-11 04:57:13","now":"2025-07-09 05:08:50"}} 
[2025-07-09 05:08:50] local.INFO: CheckSubscription: Active subscription found, proceeding  
[2025-07-09 05:08:50] local.INFO: Getting clients for user ID: 2  
[2025-07-09 05:08:50] local.INFO: Found 2 clients for user 2  
[2025-07-09 05:08:50] local.INFO: Clients data: [{"id":2,"user_id":2,"client_name":"client 1","client_email":"client1@gmail.com","client_status":"Active","last_accessed":"2025-07-08T05:07:44.000000Z","created_at":"2025-06-24T09:30:50.000000Z","updated_at":"2025-07-08T05:07:44.000000Z"},{"id":3,"user_id":2,"client_name":"Client Name 02","client_email":"Email2@gmail.com","client_status":"Active","last_accessed":"2025-07-02T05:21:41.000000Z","created_at":"2025-06-26T05:37:58.000000Z","updated_at":"2025-07-02T05:21:41.000000Z"}]  
[2025-07-09 05:11:05] local.INFO: CheckSubscription: Checking subscription {"user_id":2,"subscription":{"id":51,"status":"trial","trial_ends_at":"2025-07-11 04:57:13","now":"2025-07-09 05:11:05"}} 
[2025-07-09 05:11:05] local.INFO: CheckSubscription: Active subscription found, proceeding  
[2025-07-09 05:11:32] local.INFO: CheckSubscription: Checking subscription {"user_id":2,"subscription":{"id":51,"status":"trial","trial_ends_at":"2025-07-11 04:57:13","now":"2025-07-09 05:11:32"}} 
[2025-07-09 05:11:32] local.INFO: CheckSubscription: Active subscription found, proceeding  
[2025-07-09 05:11:32] local.INFO: CheckSubscription: Checking subscription {"user_id":2,"subscription":{"id":51,"status":"trial","trial_ends_at":"2025-07-11 04:57:13","now":"2025-07-09 05:11:32"}} 
[2025-07-09 05:11:32] local.INFO: CheckSubscription: Active subscription found, proceeding  
[2025-07-09 05:11:36] local.INFO: Getting clients for user ID: 2  
[2025-07-09 05:11:36] local.INFO: Found 2 clients for user 2  
[2025-07-09 05:11:36] local.INFO: Clients data: [{"id":2,"user_id":2,"client_name":"client 1","client_email":"client1@gmail.com","client_status":"Active","last_accessed":"2025-07-08T05:07:44.000000Z","created_at":"2025-06-24T09:30:50.000000Z","updated_at":"2025-07-08T05:07:44.000000Z"},{"id":3,"user_id":2,"client_name":"Client Name 02","client_email":"Email2@gmail.com","client_status":"Active","last_accessed":"2025-07-02T05:21:41.000000Z","created_at":"2025-06-26T05:37:58.000000Z","updated_at":"2025-07-02T05:21:41.000000Z"}]  
[2025-07-09 05:11:37] local.INFO: CheckSubscription: Checking subscription {"user_id":2,"subscription":{"id":51,"status":"trial","trial_ends_at":"2025-07-11 04:57:13","now":"2025-07-09 05:11:37"}} 
[2025-07-09 05:11:37] local.INFO: CheckSubscription: Active subscription found, proceeding  
[2025-07-09 05:49:08] local.INFO: Getting clients for user ID: 2  
[2025-07-09 05:49:08] local.INFO: Found 2 clients for user 2  
[2025-07-09 05:49:08] local.INFO: Clients data: [{"id":2,"user_id":2,"client_name":"client 1","client_email":"client1@gmail.com","client_status":"Active","last_accessed":"2025-07-08T05:07:44.000000Z","created_at":"2025-06-24T09:30:50.000000Z","updated_at":"2025-07-08T05:07:44.000000Z"},{"id":3,"user_id":2,"client_name":"Client Name 02","client_email":"Email2@gmail.com","client_status":"Active","last_accessed":"2025-07-02T05:21:41.000000Z","created_at":"2025-06-26T05:37:58.000000Z","updated_at":"2025-07-02T05:21:41.000000Z"}]  
[2025-07-09 05:49:08] local.INFO: CheckSubscription: Checking subscription {"user_id":2,"subscription":{"id":51,"status":"trial","trial_ends_at":"2025-07-11 04:57:13","now":"2025-07-09 05:49:08"}} 
[2025-07-09 05:49:08] local.INFO: CheckSubscription: Active subscription found, proceeding  
[2025-07-09 05:49:48] local.INFO: CheckSubscription: Checking subscription {"user_id":2,"subscription":{"id":51,"status":"trial","trial_ends_at":"2025-07-11 04:57:13","now":"2025-07-09 05:49:48"}} 
[2025-07-09 05:49:48] local.INFO: CheckSubscription: Active subscription found, proceeding  
[2025-07-09 05:50:03] local.INFO: CheckSubscription: Checking subscription {"user_id":2,"subscription":{"id":51,"status":"trial","trial_ends_at":"2025-07-11 04:57:13","now":"2025-07-09 05:50:03"}} 
[2025-07-09 05:50:03] local.INFO: CheckSubscription: Active subscription found, proceeding  
[2025-07-09 05:51:51] local.INFO: Getting clients for user ID: 2  
[2025-07-09 05:51:51] local.INFO: Found 2 clients for user 2  
[2025-07-09 05:51:51] local.INFO: Clients data: [{"id":2,"user_id":2,"client_name":"client 1","client_email":"client1@gmail.com","client_status":"Active","last_accessed":"2025-07-08T05:07:44.000000Z","created_at":"2025-06-24T09:30:50.000000Z","updated_at":"2025-07-08T05:07:44.000000Z"},{"id":3,"user_id":2,"client_name":"Client Name 02","client_email":"Email2@gmail.com","client_status":"Active","last_accessed":"2025-07-02T05:21:41.000000Z","created_at":"2025-06-26T05:37:58.000000Z","updated_at":"2025-07-02T05:21:41.000000Z"}]  
[2025-07-09 05:51:52] local.INFO: CheckSubscription: Checking subscription {"user_id":2,"subscription":{"id":51,"status":"trial","trial_ends_at":"2025-07-11 04:57:13","now":"2025-07-09 05:51:52"}} 
[2025-07-09 05:51:52] local.INFO: CheckSubscription: Active subscription found, proceeding  
[2025-07-09 06:07:26] local.INFO: Getting clients for user ID: 2  
[2025-07-09 06:07:26] local.INFO: Found 2 clients for user 2  
[2025-07-09 06:07:26] local.INFO: Clients data: [{"id":2,"user_id":2,"client_name":"client 1","client_email":"client1@gmail.com","client_status":"Active","last_accessed":"2025-07-08T05:07:44.000000Z","created_at":"2025-06-24T09:30:50.000000Z","updated_at":"2025-07-08T05:07:44.000000Z"},{"id":3,"user_id":2,"client_name":"Client Name 02","client_email":"Email2@gmail.com","client_status":"Active","last_accessed":"2025-07-02T05:21:41.000000Z","created_at":"2025-06-26T05:37:58.000000Z","updated_at":"2025-07-02T05:21:41.000000Z"}]  
[2025-07-09 06:07:27] local.INFO: CheckSubscription: Checking subscription {"user_id":2,"subscription":{"id":51,"status":"trial","trial_ends_at":"2025-07-11 04:57:13","now":"2025-07-09 06:07:27"}} 
[2025-07-09 06:07:27] local.INFO: CheckSubscription: Active subscription found, proceeding  
[2025-07-09 06:20:05] local.INFO: Getting clients for user ID: 2  
[2025-07-09 06:20:05] local.INFO: Found 2 clients for user 2  
[2025-07-09 06:20:05] local.INFO: Clients data: [{"id":2,"user_id":2,"client_name":"client 1","client_email":"client1@gmail.com","client_status":"Active","last_accessed":"2025-07-08T05:07:44.000000Z","created_at":"2025-06-24T09:30:50.000000Z","updated_at":"2025-07-08T05:07:44.000000Z"},{"id":3,"user_id":2,"client_name":"Client Name 02","client_email":"Email2@gmail.com","client_status":"Active","last_accessed":"2025-07-02T05:21:41.000000Z","created_at":"2025-06-26T05:37:58.000000Z","updated_at":"2025-07-02T05:21:41.000000Z"}]  
[2025-07-09 06:20:05] local.INFO: CheckSubscription: Checking subscription {"user_id":2,"subscription":{"id":51,"status":"trial","trial_ends_at":"2025-07-11 04:57:13","now":"2025-07-09 06:20:05"}} 
[2025-07-09 06:20:05] local.INFO: CheckSubscription: Active subscription found, proceeding  
[2025-07-09 06:20:07] local.INFO: Getting clients for user ID: 2  
[2025-07-09 06:20:07] local.INFO: Found 2 clients for user 2  
[2025-07-09 06:20:07] local.INFO: Clients data: [{"id":2,"user_id":2,"client_name":"client 1","client_email":"client1@gmail.com","client_status":"Active","last_accessed":"2025-07-08T05:07:44.000000Z","created_at":"2025-06-24T09:30:50.000000Z","updated_at":"2025-07-08T05:07:44.000000Z"},{"id":3,"user_id":2,"client_name":"Client Name 02","client_email":"Email2@gmail.com","client_status":"Active","last_accessed":"2025-07-02T05:21:41.000000Z","created_at":"2025-06-26T05:37:58.000000Z","updated_at":"2025-07-02T05:21:41.000000Z"}]  
[2025-07-09 06:20:08] local.INFO: CheckSubscription: Checking subscription {"user_id":2,"subscription":{"id":51,"status":"trial","trial_ends_at":"2025-07-11 04:57:13","now":"2025-07-09 06:20:08"}} 
[2025-07-09 06:20:08] local.INFO: CheckSubscription: Active subscription found, proceeding  
[2025-07-09 06:20:14] local.INFO: CheckSubscription: Checking subscription {"user_id":2,"subscription":{"id":51,"status":"trial","trial_ends_at":"2025-07-11 04:57:13","now":"2025-07-09 06:20:14"}} 
[2025-07-09 06:20:14] local.INFO: CheckSubscription: Active subscription found, proceeding  
[2025-07-09 06:20:15] local.INFO: Notes save request {"user_id":2,"save_type":"user","client_id":null,"note_title":"(1) Objectives — immigration
 
The objectives of...","note_content_length":1552} 
[2025-07-09 06:23:47] local.INFO: CheckSubscription: Checking subscription {"user_id":2,"subscription":{"id":51,"status":"trial","trial_ends_at":"2025-07-11 04:57:13","now":"2025-07-09 06:23:47"}} 
[2025-07-09 06:23:47] local.INFO: CheckSubscription: Active subscription found, proceeding  
[2025-07-09 06:23:49] local.INFO: CheckSubscription: Checking subscription {"user_id":2,"subscription":{"id":51,"status":"trial","trial_ends_at":"2025-07-11 04:57:13","now":"2025-07-09 06:23:49"}} 
[2025-07-09 06:23:49] local.INFO: CheckSubscription: Active subscription found, proceeding  
[2025-07-09 06:23:50] local.INFO: CheckSubscription: Checking subscription {"user_id":2,"subscription":{"id":51,"status":"trial","trial_ends_at":"2025-07-11 04:57:13","now":"2025-07-09 06:23:50"}} 
[2025-07-09 06:23:50] local.INFO: CheckSubscription: Active subscription found, proceeding  
[2025-07-09 06:23:50] local.INFO: CheckSubscription: Checking subscription {"user_id":2,"subscription":{"id":51,"status":"trial","trial_ends_at":"2025-07-11 04:57:13","now":"2025-07-09 06:23:50"}} 
[2025-07-09 06:23:50] local.INFO: CheckSubscription: Active subscription found, proceeding  
[2025-07-09 06:23:53] local.INFO: CheckSubscription: Checking subscription {"user_id":2,"subscription":{"id":51,"status":"trial","trial_ends_at":"2025-07-11 04:57:13","now":"2025-07-09 06:23:53"}} 
[2025-07-09 06:23:53] local.INFO: CheckSubscription: Active subscription found, proceeding  
[2025-07-09 06:23:54] local.INFO: CheckSubscription: Checking subscription {"user_id":2,"subscription":{"id":51,"status":"trial","trial_ends_at":"2025-07-11 04:57:13","now":"2025-07-09 06:23:54"}} 
[2025-07-09 06:23:54] local.INFO: CheckSubscription: Active subscription found, proceeding  
[2025-07-09 06:24:01] local.INFO: Getting clients for user ID: 2  
[2025-07-09 06:24:01] local.INFO: Found 2 clients for user 2  
[2025-07-09 06:24:01] local.INFO: Clients data: [{"id":2,"user_id":2,"client_name":"client 1","client_email":"client1@gmail.com","client_status":"Active","last_accessed":"2025-07-08T05:07:44.000000Z","created_at":"2025-06-24T09:30:50.000000Z","updated_at":"2025-07-08T05:07:44.000000Z"},{"id":3,"user_id":2,"client_name":"Client Name 02","client_email":"Email2@gmail.com","client_status":"Active","last_accessed":"2025-07-02T05:21:41.000000Z","created_at":"2025-06-26T05:37:58.000000Z","updated_at":"2025-07-02T05:21:41.000000Z"}]  
[2025-07-09 06:24:01] local.INFO: CheckSubscription: Checking subscription {"user_id":2,"subscription":{"id":51,"status":"trial","trial_ends_at":"2025-07-11 04:57:13","now":"2025-07-09 06:24:01"}} 
[2025-07-09 06:24:01] local.INFO: CheckSubscription: Active subscription found, proceeding  
[2025-07-09 06:24:11] local.INFO: Section content request for tableId=1, sectionRef=46  
[2025-07-09 06:24:11] local.INFO: Found table: legaldocument1  
[2025-07-09 06:24:11] local.INFO: Received current document context: table=legaldocument1, categoryId=1  
[2025-07-09 06:24:11] local.INFO: Building search query for section_id: 46 in table: legaldocument1  
[2025-07-09 06:24:11] local.INFO: Built query: select * from `legaldocument1` where `category_id` = ? and (`section_id` = ? or `section_id` like ? or `section_id` like ?) order by CASE 
                    WHEN section_id = ? THEN 1
                    WHEN section_id LIKE ? THEN 2
                    ELSE 3
                END limit 10 with bindings: ["1","46","46.%","46%","46","46.%"]  
[2025-07-09 06:24:11] local.INFO: Executing query: select * from `legaldocument1` where `category_id` = ? and (`section_id` = ? or `section_id` like ? or `section_id` like ?) order by CASE 
                    WHEN section_id = ? THEN 1
                    WHEN section_id LIKE ? THEN 2
                    ELSE 3
                END limit 10 with bindings: ["1","46","46.%","46%","46","46.%"]  
[2025-07-09 06:24:11] local.INFO: Raw SQL equivalent: select * from `legaldocument1` where `category_id` = 1 and (`section_id` = 1 or `section_id` like 1 or `section_id` like 1) order by CASE 
                    WHEN section_id = 1 THEN 1
                    WHEN section_id LIKE 1 THEN 2
                    ELSE 3
                END limit 10  
[2025-07-09 06:24:11] local.INFO: Found 10 rows  
[2025-07-09 06:24:11] local.INFO: Section content request for tableId=1, sectionRef=46  
[2025-07-09 06:24:11] local.INFO: Found table: legaldocument1  
[2025-07-09 06:24:11] local.INFO: Building search query for section_id: 46 in table: legaldocument1  
[2025-07-09 06:24:11] local.INFO: Built query: select * from `legaldocument1` where `category_id` = ? and (`section_id` = ? or `section_id` like ? or `section_id` like ?) order by CASE 
                    WHEN section_id = ? THEN 1
                    WHEN section_id LIKE ? THEN 2
                    ELSE 3
                END limit 10 with bindings: ["1","46","46.%","46%","46","46.%"]  
[2025-07-09 06:24:11] local.INFO: Executing query: select * from `legaldocument1` where `category_id` = ? and (`section_id` = ? or `section_id` like ? or `section_id` like ?) order by CASE 
                    WHEN section_id = ? THEN 1
                    WHEN section_id LIKE ? THEN 2
                    ELSE 3
                END limit 10 with bindings: ["1","46","46.%","46%","46","46.%"]  
[2025-07-09 06:24:11] local.INFO: Raw SQL equivalent: select * from `legaldocument1` where `category_id` = 1 and (`section_id` = 1 or `section_id` like 1 or `section_id` like 1) order by CASE 
                    WHEN section_id = 1 THEN 1
                    WHEN section_id LIKE 1 THEN 2
                    ELSE 3
                END limit 10  
[2025-07-09 06:24:11] local.INFO: Found 10 rows  
[2025-07-09 06:24:56] local.INFO: CheckSubscription: Checking subscription {"user_id":2,"subscription":{"id":51,"status":"trial","trial_ends_at":"2025-07-11 04:57:13","now":"2025-07-09 06:24:56"}} 
[2025-07-09 06:24:56] local.INFO: CheckSubscription: Active subscription found, proceeding  
[2025-07-09 06:24:56] local.INFO: Notes save request {"user_id":2,"save_type":"user","client_id":null,"note_title":"(1) Objectives — immigration
 
The objectives of...","note_content_length":1552} 
[2025-07-09 06:26:05] local.INFO: Section content request for tableId=1, sectionRef=42.1  
[2025-07-09 06:26:05] local.INFO: Found table: legaldocument1  
[2025-07-09 06:26:05] local.INFO: Received current document context: table=legaldocument1, categoryId=1  
[2025-07-09 06:26:05] local.INFO: Building search query for section_id: 42.1 in table: legaldocument1  
[2025-07-09 06:26:05] local.INFO: Built query: select * from `legaldocument1` where `category_id` = ? and (`section_id` = ? or `section_id` like ? or `section_id` like ?) order by CASE 
                    WHEN section_id = ? THEN 1
                    WHEN section_id LIKE ? THEN 2
                    ELSE 3
                END limit 10 with bindings: ["1","42.1","42.1.%","42.1%","42.1","42.1.%"]  
[2025-07-09 06:26:05] local.INFO: Executing query: select * from `legaldocument1` where `category_id` = ? and (`section_id` = ? or `section_id` like ? or `section_id` like ?) order by CASE 
                    WHEN section_id = ? THEN 1
                    WHEN section_id LIKE ? THEN 2
                    ELSE 3
                END limit 10 with bindings: ["1","42.1","42.1.%","42.1%","42.1","42.1.%"]  
[2025-07-09 06:26:05] local.INFO: Raw SQL equivalent: select * from `legaldocument1` where `category_id` = 1 and (`section_id` = 1 or `section_id` like 1 or `section_id` like 1) order by CASE 
                    WHEN section_id = 1 THEN 1
                    WHEN section_id LIKE 1 THEN 2
                    ELSE 3
                END limit 10  
[2025-07-09 06:26:05] local.INFO: Found 4 rows  
[2025-07-09 06:26:05] local.INFO: Section content request for tableId=1, sectionRef=42.1  
[2025-07-09 06:26:05] local.INFO: Found table: legaldocument1  
[2025-07-09 06:26:05] local.INFO: Building search query for section_id: 42.1 in table: legaldocument1  
[2025-07-09 06:26:05] local.INFO: Built query: select * from `legaldocument1` where `category_id` = ? and (`section_id` = ? or `section_id` like ? or `section_id` like ?) order by CASE 
                    WHEN section_id = ? THEN 1
                    WHEN section_id LIKE ? THEN 2
                    ELSE 3
                END limit 10 with bindings: ["1","42.1","42.1.%","42.1%","42.1","42.1.%"]  
[2025-07-09 06:26:05] local.INFO: Executing query: select * from `legaldocument1` where `category_id` = ? and (`section_id` = ? or `section_id` like ? or `section_id` like ?) order by CASE 
                    WHEN section_id = ? THEN 1
                    WHEN section_id LIKE ? THEN 2
                    ELSE 3
                END limit 10 with bindings: ["1","42.1","42.1.%","42.1%","42.1","42.1.%"]  
[2025-07-09 06:26:05] local.INFO: Raw SQL equivalent: select * from `legaldocument1` where `category_id` = 1 and (`section_id` = 1 or `section_id` like 1 or `section_id` like 1) order by CASE 
                    WHEN section_id = 1 THEN 1
                    WHEN section_id LIKE 1 THEN 2
                    ELSE 3
                END limit 10  
[2025-07-09 06:26:05] local.INFO: Found 4 rows  
[2025-07-09 06:35:06] local.INFO: Getting clients for user ID: 2  
[2025-07-09 06:35:06] local.INFO: Found 2 clients for user 2  
[2025-07-09 06:35:06] local.INFO: Clients data: [{"id":2,"user_id":2,"client_name":"client 1","client_email":"client1@gmail.com","client_status":"Active","last_accessed":"2025-07-08T05:07:44.000000Z","created_at":"2025-06-24T09:30:50.000000Z","updated_at":"2025-07-08T05:07:44.000000Z"},{"id":3,"user_id":2,"client_name":"Client Name 02","client_email":"Email2@gmail.com","client_status":"Active","last_accessed":"2025-07-02T05:21:41.000000Z","created_at":"2025-06-26T05:37:58.000000Z","updated_at":"2025-07-02T05:21:41.000000Z"}]  
[2025-07-09 06:35:07] local.INFO: CheckSubscription: Checking subscription {"user_id":2,"subscription":{"id":51,"status":"trial","trial_ends_at":"2025-07-11 04:57:13","now":"2025-07-09 06:35:07"}} 
[2025-07-09 06:35:07] local.INFO: CheckSubscription: Active subscription found, proceeding  
[2025-07-09 06:35:12] local.INFO: Getting clients for user ID: 2  
[2025-07-09 06:35:12] local.INFO: Found 2 clients for user 2  
[2025-07-09 06:35:12] local.INFO: Clients data: [{"id":2,"user_id":2,"client_name":"client 1","client_email":"client1@gmail.com","client_status":"Active","last_accessed":"2025-07-08T05:07:44.000000Z","created_at":"2025-06-24T09:30:50.000000Z","updated_at":"2025-07-08T05:07:44.000000Z"},{"id":3,"user_id":2,"client_name":"Client Name 02","client_email":"Email2@gmail.com","client_status":"Active","last_accessed":"2025-07-02T05:21:41.000000Z","created_at":"2025-06-26T05:37:58.000000Z","updated_at":"2025-07-02T05:21:41.000000Z"}]  
[2025-07-09 06:35:21] local.INFO: Getting clients for user ID: 2  
[2025-07-09 06:35:21] local.INFO: Found 2 clients for user 2  
[2025-07-09 06:35:21] local.INFO: Clients data: [{"id":2,"user_id":2,"client_name":"client 1","client_email":"client1@gmail.com","client_status":"Active","last_accessed":"2025-07-08T05:07:44.000000Z","created_at":"2025-06-24T09:30:50.000000Z","updated_at":"2025-07-08T05:07:44.000000Z"},{"id":3,"user_id":2,"client_name":"Client Name 02","client_email":"Email2@gmail.com","client_status":"Active","last_accessed":"2025-07-02T05:21:41.000000Z","created_at":"2025-06-26T05:37:58.000000Z","updated_at":"2025-07-02T05:21:41.000000Z"}]  
[2025-07-09 06:35:46] local.INFO: Getting clients for user ID: 2  
[2025-07-09 06:35:46] local.INFO: Found 2 clients for user 2  
[2025-07-09 06:35:46] local.INFO: Clients data: [{"id":2,"user_id":2,"client_name":"client 1","client_email":"client1@gmail.com","client_status":"Active","last_accessed":"2025-07-08T05:07:44.000000Z","created_at":"2025-06-24T09:30:50.000000Z","updated_at":"2025-07-08T05:07:44.000000Z"},{"id":3,"user_id":2,"client_name":"Client Name 02","client_email":"Email2@gmail.com","client_status":"Active","last_accessed":"2025-07-02T05:21:41.000000Z","created_at":"2025-06-26T05:37:58.000000Z","updated_at":"2025-07-02T05:21:41.000000Z"}]  
[2025-07-09 06:35:54] local.INFO: Getting clients for user ID: 2  
[2025-07-09 06:35:54] local.INFO: Found 2 clients for user 2  
[2025-07-09 06:35:54] local.INFO: Clients data: [{"id":2,"user_id":2,"client_name":"client 1","client_email":"client1@gmail.com","client_status":"Active","last_accessed":"2025-07-08T05:07:44.000000Z","created_at":"2025-06-24T09:30:50.000000Z","updated_at":"2025-07-08T05:07:44.000000Z"},{"id":3,"user_id":2,"client_name":"Client Name 02","client_email":"Email2@gmail.com","client_status":"Active","last_accessed":"2025-07-02T05:21:41.000000Z","created_at":"2025-06-26T05:37:58.000000Z","updated_at":"2025-07-02T05:21:41.000000Z"}]  
[2025-07-09 06:35:55] local.INFO: CheckSubscription: Checking subscription {"user_id":2,"subscription":{"id":51,"status":"trial","trial_ends_at":"2025-07-11 04:57:13","now":"2025-07-09 06:35:55"}} 
[2025-07-09 06:35:55] local.INFO: CheckSubscription: Active subscription found, proceeding  
[2025-07-09 06:36:04] local.INFO: Getting clients for user ID: 2  
[2025-07-09 06:36:04] local.INFO: Found 2 clients for user 2  
[2025-07-09 06:36:04] local.INFO: Clients data: [{"id":2,"user_id":2,"client_name":"client 1","client_email":"client1@gmail.com","client_status":"Active","last_accessed":"2025-07-08T05:07:44.000000Z","created_at":"2025-06-24T09:30:50.000000Z","updated_at":"2025-07-08T05:07:44.000000Z"},{"id":3,"user_id":2,"client_name":"Client Name 02","client_email":"Email2@gmail.com","client_status":"Active","last_accessed":"2025-07-02T05:21:41.000000Z","created_at":"2025-06-26T05:37:58.000000Z","updated_at":"2025-07-02T05:21:41.000000Z"}]  
[2025-07-09 06:36:23] local.INFO: CheckSubscription: Checking subscription {"user_id":2,"subscription":{"id":51,"status":"trial","trial_ends_at":"2025-07-11 04:57:13","now":"2025-07-09 06:36:23"}} 
[2025-07-09 06:36:23] local.INFO: CheckSubscription: Active subscription found, proceeding  
[2025-07-09 06:36:23] local.INFO: Notes save request {"user_id":2,"save_type":"user","client_id":null,"note_title":"(1) Objectives — immigration
 
The objectives of...","note_content_length":1552} 
[2025-07-09 06:36:35] local.INFO: Getting clients for user ID: 2  
[2025-07-09 06:36:35] local.INFO: Found 2 clients for user 2  
[2025-07-09 06:36:35] local.INFO: Clients data: [{"id":2,"user_id":2,"client_name":"client 1","client_email":"client1@gmail.com","client_status":"Active","last_accessed":"2025-07-08T05:07:44.000000Z","created_at":"2025-06-24T09:30:50.000000Z","updated_at":"2025-07-08T05:07:44.000000Z"},{"id":3,"user_id":2,"client_name":"Client Name 02","client_email":"Email2@gmail.com","client_status":"Active","last_accessed":"2025-07-02T05:21:41.000000Z","created_at":"2025-06-26T05:37:58.000000Z","updated_at":"2025-07-02T05:21:41.000000Z"}]  
[2025-07-09 06:36:40] local.INFO: Getting clients for user ID: 2  
[2025-07-09 06:36:40] local.INFO: Found 2 clients for user 2  
[2025-07-09 06:36:40] local.INFO: Clients data: [{"id":2,"user_id":2,"client_name":"client 1","client_email":"client1@gmail.com","client_status":"Active","last_accessed":"2025-07-08T05:07:44.000000Z","created_at":"2025-06-24T09:30:50.000000Z","updated_at":"2025-07-08T05:07:44.000000Z"},{"id":3,"user_id":2,"client_name":"Client Name 02","client_email":"Email2@gmail.com","client_status":"Active","last_accessed":"2025-07-02T05:21:41.000000Z","created_at":"2025-06-26T05:37:58.000000Z","updated_at":"2025-07-02T05:21:41.000000Z"}]  
[2025-07-09 06:36:50] local.INFO: CheckSubscription: Checking subscription {"user_id":2,"subscription":{"id":51,"status":"trial","trial_ends_at":"2025-07-11 04:57:13","now":"2025-07-09 06:36:50"}} 
[2025-07-09 06:36:50] local.INFO: CheckSubscription: Active subscription found, proceeding  
[2025-07-09 06:36:57] local.INFO: Getting clients for user ID: 2  
[2025-07-09 06:36:57] local.INFO: Found 2 clients for user 2  
[2025-07-09 06:36:57] local.INFO: Clients data: [{"id":2,"user_id":2,"client_name":"client 1","client_email":"client1@gmail.com","client_status":"Active","last_accessed":"2025-07-08T05:07:44.000000Z","created_at":"2025-06-24T09:30:50.000000Z","updated_at":"2025-07-08T05:07:44.000000Z"},{"id":3,"user_id":2,"client_name":"Client Name 02","client_email":"Email2@gmail.com","client_status":"Active","last_accessed":"2025-07-02T05:21:41.000000Z","created_at":"2025-06-26T05:37:58.000000Z","updated_at":"2025-07-02T05:21:41.000000Z"}]  
[2025-07-09 06:37:04] local.INFO: CheckSubscription: Checking subscription {"user_id":2,"subscription":{"id":51,"status":"trial","trial_ends_at":"2025-07-11 04:57:13","now":"2025-07-09 06:37:04"}} 
[2025-07-09 06:37:04] local.INFO: CheckSubscription: Active subscription found, proceeding  
[2025-07-09 06:46:00] local.INFO: Getting clients for user ID: 2  
[2025-07-09 06:46:00] local.INFO: Found 2 clients for user 2  
[2025-07-09 06:46:00] local.INFO: Clients data: [{"id":2,"user_id":2,"client_name":"client 1","client_email":"client1@gmail.com","client_status":"Active","last_accessed":"2025-07-08T05:07:44.000000Z","created_at":"2025-06-24T09:30:50.000000Z","updated_at":"2025-07-08T05:07:44.000000Z"},{"id":3,"user_id":2,"client_name":"Client Name 02","client_email":"Email2@gmail.com","client_status":"Active","last_accessed":"2025-07-02T05:21:41.000000Z","created_at":"2025-06-26T05:37:58.000000Z","updated_at":"2025-07-02T05:21:41.000000Z"}]  
[2025-07-09 06:46:01] local.INFO: CheckSubscription: Checking subscription {"user_id":2,"subscription":{"id":51,"status":"trial","trial_ends_at":"2025-07-11 04:57:13","now":"2025-07-09 06:46:01"}} 
[2025-07-09 06:46:01] local.INFO: CheckSubscription: Active subscription found, proceeding  
[2025-07-09 06:46:05] local.INFO: Getting clients for user ID: 2  
[2025-07-09 06:46:05] local.INFO: Found 2 clients for user 2  
[2025-07-09 06:46:05] local.INFO: Clients data: [{"id":2,"user_id":2,"client_name":"client 1","client_email":"client1@gmail.com","client_status":"Active","last_accessed":"2025-07-08T05:07:44.000000Z","created_at":"2025-06-24T09:30:50.000000Z","updated_at":"2025-07-08T05:07:44.000000Z"},{"id":3,"user_id":2,"client_name":"Client Name 02","client_email":"Email2@gmail.com","client_status":"Active","last_accessed":"2025-07-02T05:21:41.000000Z","created_at":"2025-06-26T05:37:58.000000Z","updated_at":"2025-07-02T05:21:41.000000Z"}]  
[2025-07-09 06:46:10] local.INFO: CheckSubscription: Checking subscription {"user_id":2,"subscription":{"id":51,"status":"trial","trial_ends_at":"2025-07-11 04:57:13","now":"2025-07-09 06:46:10"}} 
[2025-07-09 06:46:10] local.INFO: CheckSubscription: Active subscription found, proceeding  
[2025-07-09 06:46:10] local.INFO: Notes save request {"user_id":2,"save_type":"client","client_id":2,"note_title":"(1) Objectives — immigration
 
The objectives of...","note_content_length":1552} 
[2025-07-09 06:50:40] local.INFO: Getting clients for user ID: 2  
[2025-07-09 06:50:40] local.INFO: Found 2 clients for user 2  
[2025-07-09 06:50:40] local.INFO: Clients data: [{"id":2,"user_id":2,"client_name":"client 1","client_email":"client1@gmail.com","client_status":"Active","last_accessed":"2025-07-08T05:07:44.000000Z","created_at":"2025-06-24T09:30:50.000000Z","updated_at":"2025-07-08T05:07:44.000000Z"},{"id":3,"user_id":2,"client_name":"Client Name 02","client_email":"Email2@gmail.com","client_status":"Active","last_accessed":"2025-07-02T05:21:41.000000Z","created_at":"2025-06-26T05:37:58.000000Z","updated_at":"2025-07-02T05:21:41.000000Z"}]  
[2025-07-09 06:50:41] local.INFO: CheckSubscription: Checking subscription {"user_id":2,"subscription":{"id":51,"status":"trial","trial_ends_at":"2025-07-11 04:57:13","now":"2025-07-09 06:50:41"}} 
[2025-07-09 06:50:41] local.INFO: CheckSubscription: Active subscription found, proceeding  
[2025-07-09 06:52:08] local.INFO: Getting clients for user ID: 2  
[2025-07-09 06:52:08] local.INFO: Found 2 clients for user 2  
[2025-07-09 06:52:08] local.INFO: Clients data: [{"id":2,"user_id":2,"client_name":"client 1","client_email":"client1@gmail.com","client_status":"Active","last_accessed":"2025-07-08T05:07:44.000000Z","created_at":"2025-06-24T09:30:50.000000Z","updated_at":"2025-07-08T05:07:44.000000Z"},{"id":3,"user_id":2,"client_name":"Client Name 02","client_email":"Email2@gmail.com","client_status":"Active","last_accessed":"2025-07-02T05:21:41.000000Z","created_at":"2025-06-26T05:37:58.000000Z","updated_at":"2025-07-02T05:21:41.000000Z"}]  
[2025-07-09 06:52:09] local.INFO: CheckSubscription: Checking subscription {"user_id":2,"subscription":{"id":51,"status":"trial","trial_ends_at":"2025-07-11 04:57:13","now":"2025-07-09 06:52:09"}} 
[2025-07-09 06:52:09] local.INFO: CheckSubscription: Active subscription found, proceeding  
[2025-07-09 07:02:22] local.INFO: Getting clients for user ID: 2  
[2025-07-09 07:02:22] local.INFO: Found 2 clients for user 2  
[2025-07-09 07:02:22] local.INFO: Clients data: [{"id":2,"user_id":2,"client_name":"client 1","client_email":"client1@gmail.com","client_status":"Active","last_accessed":"2025-07-08T05:07:44.000000Z","created_at":"2025-06-24T09:30:50.000000Z","updated_at":"2025-07-08T05:07:44.000000Z"},{"id":3,"user_id":2,"client_name":"Client Name 02","client_email":"Email2@gmail.com","client_status":"Active","last_accessed":"2025-07-02T05:21:41.000000Z","created_at":"2025-06-26T05:37:58.000000Z","updated_at":"2025-07-02T05:21:41.000000Z"}]  
[2025-07-09 07:02:23] local.INFO: CheckSubscription: Checking subscription {"user_id":2,"subscription":{"id":51,"status":"trial","trial_ends_at":"2025-07-11 04:57:13","now":"2025-07-09 07:02:23"}} 
[2025-07-09 07:02:23] local.INFO: CheckSubscription: Active subscription found, proceeding  
[2025-07-09 07:04:27] local.INFO: Section content request for tableId=1, sectionRef=42.1  
[2025-07-09 07:04:27] local.INFO: Found table: legaldocument1  
[2025-07-09 07:04:27] local.INFO: Received current document context: table=legaldocument1, categoryId=1  
[2025-07-09 07:04:27] local.INFO: Building search query for section_id: 42.1 in table: legaldocument1  
[2025-07-09 07:04:27] local.INFO: Built query: select * from `legaldocument1` where `category_id` = ? and (`section_id` = ? or `section_id` like ? or `section_id` like ?) order by CASE 
                    WHEN section_id = ? THEN 1
                    WHEN section_id LIKE ? THEN 2
                    ELSE 3
                END limit 10 with bindings: ["1","42.1","42.1.%","42.1%","42.1","42.1.%"]  
[2025-07-09 07:04:27] local.INFO: Executing query: select * from `legaldocument1` where `category_id` = ? and (`section_id` = ? or `section_id` like ? or `section_id` like ?) order by CASE 
                    WHEN section_id = ? THEN 1
                    WHEN section_id LIKE ? THEN 2
                    ELSE 3
                END limit 10 with bindings: ["1","42.1","42.1.%","42.1%","42.1","42.1.%"]  
[2025-07-09 07:04:27] local.INFO: Raw SQL equivalent: select * from `legaldocument1` where `category_id` = 1 and (`section_id` = 1 or `section_id` like 1 or `section_id` like 1) order by CASE 
                    WHEN section_id = 1 THEN 1
                    WHEN section_id LIKE 1 THEN 2
                    ELSE 3
                END limit 10  
[2025-07-09 07:04:27] local.INFO: Found 4 rows  
[2025-07-09 07:04:27] local.INFO: Section content request for tableId=1, sectionRef=42.1  
[2025-07-09 07:04:27] local.INFO: Found table: legaldocument1  
[2025-07-09 07:04:27] local.INFO: Building search query for section_id: 42.1 in table: legaldocument1  
[2025-07-09 07:04:27] local.INFO: Built query: select * from `legaldocument1` where `category_id` = ? and (`section_id` = ? or `section_id` like ? or `section_id` like ?) order by CASE 
                    WHEN section_id = ? THEN 1
                    WHEN section_id LIKE ? THEN 2
                    ELSE 3
                END limit 10 with bindings: ["1","42.1","42.1.%","42.1%","42.1","42.1.%"]  
[2025-07-09 07:04:27] local.INFO: Executing query: select * from `legaldocument1` where `category_id` = ? and (`section_id` = ? or `section_id` like ? or `section_id` like ?) order by CASE 
                    WHEN section_id = ? THEN 1
                    WHEN section_id LIKE ? THEN 2
                    ELSE 3
                END limit 10 with bindings: ["1","42.1","42.1.%","42.1%","42.1","42.1.%"]  
[2025-07-09 07:04:27] local.INFO: Raw SQL equivalent: select * from `legaldocument1` where `category_id` = 1 and (`section_id` = 1 or `section_id` like 1 or `section_id` like 1) order by CASE 
                    WHEN section_id = 1 THEN 1
                    WHEN section_id LIKE 1 THEN 2
                    ELSE 3
                END limit 10  
[2025-07-09 07:04:27] local.INFO: Found 4 rows  
[2025-07-09 07:22:46] local.INFO: CheckSubscription: Checking subscription {"user_id":2,"subscription":{"id":51,"status":"trial","trial_ends_at":"2025-07-11 04:57:13","now":"2025-07-09 07:22:46"}} 
[2025-07-09 07:22:46] local.INFO: CheckSubscription: Active subscription found, proceeding  
[2025-07-09 07:22:51] local.INFO: Getting clients for user ID: 2  
[2025-07-09 07:22:51] local.INFO: Found 2 clients for user 2  
[2025-07-09 07:22:51] local.INFO: Clients data: [{"id":2,"user_id":2,"client_name":"client 1","client_email":"client1@gmail.com","client_status":"Active","last_accessed":"2025-07-08T05:07:44.000000Z","created_at":"2025-06-24T09:30:50.000000Z","updated_at":"2025-07-08T05:07:44.000000Z"},{"id":3,"user_id":2,"client_name":"Client Name 02","client_email":"Email2@gmail.com","client_status":"Active","last_accessed":"2025-07-02T05:21:41.000000Z","created_at":"2025-06-26T05:37:58.000000Z","updated_at":"2025-07-02T05:21:41.000000Z"}]  
[2025-07-09 07:22:53] local.INFO: CheckSubscription: Checking subscription {"user_id":2,"subscription":{"id":51,"status":"trial","trial_ends_at":"2025-07-11 04:57:13","now":"2025-07-09 07:22:53"}} 
[2025-07-09 07:22:53] local.INFO: CheckSubscription: Active subscription found, proceeding  
[2025-07-09 07:28:05] local.INFO: CheckSubscription: Checking subscription {"user_id":2,"subscription":{"id":51,"status":"trial","trial_ends_at":"2025-07-11 04:57:13","now":"2025-07-09 07:28:05"}} 
[2025-07-09 07:28:05] local.INFO: CheckSubscription: Active subscription found, proceeding  
[2025-07-09 07:28:06] local.INFO: CheckSubscription: Checking subscription {"user_id":2,"subscription":{"id":51,"status":"trial","trial_ends_at":"2025-07-11 04:57:13","now":"2025-07-09 07:28:06"}} 
[2025-07-09 07:28:06] local.INFO: CheckSubscription: Active subscription found, proceeding  
[2025-07-09 07:28:07] local.INFO: CheckSubscription: Checking subscription {"user_id":2,"subscription":{"id":51,"status":"trial","trial_ends_at":"2025-07-11 04:57:13","now":"2025-07-09 07:28:07"}} 
[2025-07-09 07:28:07] local.INFO: CheckSubscription: Active subscription found, proceeding  
[2025-07-09 07:30:13] local.INFO: CheckSubscription: Checking subscription {"user_id":2,"subscription":{"id":51,"status":"trial","trial_ends_at":"2025-07-11 04:57:13","now":"2025-07-09 07:30:13"}} 
[2025-07-09 07:30:13] local.INFO: CheckSubscription: Active subscription found, proceeding  
[2025-07-09 07:30:14] local.INFO: CheckSubscription: Checking subscription {"user_id":2,"subscription":{"id":51,"status":"trial","trial_ends_at":"2025-07-11 04:57:13","now":"2025-07-09 07:30:14"}} 
[2025-07-09 07:30:14] local.INFO: CheckSubscription: Active subscription found, proceeding  
[2025-07-09 07:30:17] local.INFO: CheckSubscription: Checking subscription {"user_id":2,"subscription":{"id":51,"status":"trial","trial_ends_at":"2025-07-11 04:57:13","now":"2025-07-09 07:30:17"}} 
[2025-07-09 07:30:17] local.INFO: CheckSubscription: Active subscription found, proceeding  
[2025-07-09 07:30:19] local.INFO: CheckSubscription: Checking subscription {"user_id":2,"subscription":{"id":51,"status":"trial","trial_ends_at":"2025-07-11 04:57:13","now":"2025-07-09 07:30:19"}} 
[2025-07-09 07:30:19] local.INFO: CheckSubscription: Active subscription found, proceeding  
[2025-07-09 07:30:19] local.INFO: CheckSubscription: Checking subscription {"user_id":2,"subscription":{"id":51,"status":"trial","trial_ends_at":"2025-07-11 04:57:13","now":"2025-07-09 07:30:19"}} 
[2025-07-09 07:30:19] local.INFO: CheckSubscription: Active subscription found, proceeding  
[2025-07-09 07:30:28] local.INFO: CheckSubscription: Checking subscription {"user_id":2,"subscription":{"id":51,"status":"trial","trial_ends_at":"2025-07-11 04:57:13","now":"2025-07-09 07:30:28"}} 
[2025-07-09 07:30:28] local.INFO: CheckSubscription: Active subscription found, proceeding  
[2025-07-09 07:30:29] local.INFO: CheckSubscription: Checking subscription {"user_id":2,"subscription":{"id":51,"status":"trial","trial_ends_at":"2025-07-11 04:57:13","now":"2025-07-09 07:30:29"}} 
[2025-07-09 07:30:29] local.INFO: CheckSubscription: Active subscription found, proceeding  
[2025-07-09 07:40:47] local.INFO: Getting clients for user ID: 2  
[2025-07-09 07:40:47] local.INFO: Found 2 clients for user 2  
[2025-07-09 07:40:47] local.INFO: Clients data: [{"id":2,"user_id":2,"client_name":"client 1","client_email":"client1@gmail.com","client_status":"Active","last_accessed":"2025-07-08T05:07:44.000000Z","created_at":"2025-06-24T09:30:50.000000Z","updated_at":"2025-07-08T05:07:44.000000Z"},{"id":3,"user_id":2,"client_name":"Client Name 02","client_email":"Email2@gmail.com","client_status":"Active","last_accessed":"2025-07-02T05:21:41.000000Z","created_at":"2025-06-26T05:37:58.000000Z","updated_at":"2025-07-02T05:21:41.000000Z"}]  
[2025-07-09 07:40:48] local.INFO: CheckSubscription: Checking subscription {"user_id":2,"subscription":{"id":51,"status":"trial","trial_ends_at":"2025-07-11 04:57:13","now":"2025-07-09 07:40:48"}} 
[2025-07-09 07:40:48] local.INFO: CheckSubscription: Active subscription found, proceeding  
[2025-07-09 07:40:52] local.INFO: CheckSubscription: Checking subscription {"user_id":2,"subscription":{"id":51,"status":"trial","trial_ends_at":"2025-07-11 04:57:13","now":"2025-07-09 07:40:52"}} 
[2025-07-09 07:40:52] local.INFO: CheckSubscription: Active subscription found, proceeding  
[2025-07-09 07:40:54] local.INFO: CheckSubscription: Checking subscription {"user_id":2,"subscription":{"id":51,"status":"trial","trial_ends_at":"2025-07-11 04:57:13","now":"2025-07-09 07:40:54"}} 
[2025-07-09 07:40:54] local.INFO: CheckSubscription: Active subscription found, proceeding  
[2025-07-09 07:40:55] local.INFO: CheckSubscription: Checking subscription {"user_id":2,"subscription":{"id":51,"status":"trial","trial_ends_at":"2025-07-11 04:57:13","now":"2025-07-09 07:40:55"}} 
[2025-07-09 07:40:55] local.INFO: CheckSubscription: Active subscription found, proceeding  
[2025-07-09 07:41:00] local.INFO: Getting clients for user ID: 2  
[2025-07-09 07:41:00] local.INFO: Found 2 clients for user 2  
[2025-07-09 07:41:00] local.INFO: Clients data: [{"id":2,"user_id":2,"client_name":"client 1","client_email":"client1@gmail.com","client_status":"Active","last_accessed":"2025-07-08T05:07:44.000000Z","created_at":"2025-06-24T09:30:50.000000Z","updated_at":"2025-07-08T05:07:44.000000Z"},{"id":3,"user_id":2,"client_name":"Client Name 02","client_email":"Email2@gmail.com","client_status":"Active","last_accessed":"2025-07-02T05:21:41.000000Z","created_at":"2025-06-26T05:37:58.000000Z","updated_at":"2025-07-02T05:21:41.000000Z"}]  
[2025-07-09 07:41:01] local.INFO: CheckSubscription: Checking subscription {"user_id":2,"subscription":{"id":51,"status":"trial","trial_ends_at":"2025-07-11 04:57:13","now":"2025-07-09 07:41:01"}} 
[2025-07-09 07:41:01] local.INFO: CheckSubscription: Active subscription found, proceeding  
[2025-07-09 07:43:14] local.INFO: Getting clients for user ID: 2  
[2025-07-09 07:43:14] local.INFO: Found 2 clients for user 2  
[2025-07-09 07:43:14] local.INFO: Clients data: [{"id":2,"user_id":2,"client_name":"client 1","client_email":"client1@gmail.com","client_status":"Active","last_accessed":"2025-07-08T05:07:44.000000Z","created_at":"2025-06-24T09:30:50.000000Z","updated_at":"2025-07-08T05:07:44.000000Z"},{"id":3,"user_id":2,"client_name":"Client Name 02","client_email":"Email2@gmail.com","client_status":"Active","last_accessed":"2025-07-02T05:21:41.000000Z","created_at":"2025-06-26T05:37:58.000000Z","updated_at":"2025-07-02T05:21:41.000000Z"}]  
[2025-07-09 07:43:15] local.INFO: CheckSubscription: Checking subscription {"user_id":2,"subscription":{"id":51,"status":"trial","trial_ends_at":"2025-07-11 04:57:13","now":"2025-07-09 07:43:15"}} 
[2025-07-09 07:43:15] local.INFO: CheckSubscription: Active subscription found, proceeding  
[2025-07-09 07:43:33] local.INFO: Section content request for tableId=1, sectionRef=46  
[2025-07-09 07:43:33] local.INFO: Found table: legaldocument1  
[2025-07-09 07:43:33] local.INFO: Received current document context: table=legaldocument1, categoryId=1  
[2025-07-09 07:43:33] local.INFO: Building search query for section_id: 46 in table: legaldocument1  
[2025-07-09 07:43:33] local.INFO: Built query: select * from `legaldocument1` where `category_id` = ? and (`section_id` = ? or `section_id` like ? or `section_id` like ?) order by CASE 
                    WHEN section_id = ? THEN 1
                    WHEN section_id LIKE ? THEN 2
                    ELSE 3
                END limit 10 with bindings: ["1","46","46.%","46%","46","46.%"]  
[2025-07-09 07:43:33] local.INFO: Executing query: select * from `legaldocument1` where `category_id` = ? and (`section_id` = ? or `section_id` like ? or `section_id` like ?) order by CASE 
                    WHEN section_id = ? THEN 1
                    WHEN section_id LIKE ? THEN 2
                    ELSE 3
                END limit 10 with bindings: ["1","46","46.%","46%","46","46.%"]  
[2025-07-09 07:43:33] local.INFO: Raw SQL equivalent: select * from `legaldocument1` where `category_id` = 1 and (`section_id` = 1 or `section_id` like 1 or `section_id` like 1) order by CASE 
                    WHEN section_id = 1 THEN 1
                    WHEN section_id LIKE 1 THEN 2
                    ELSE 3
                END limit 10  
[2025-07-09 07:43:33] local.INFO: Found 10 rows  
[2025-07-09 07:43:33] local.INFO: Section content request for tableId=1, sectionRef=46  
[2025-07-09 07:43:33] local.INFO: Found table: legaldocument1  
[2025-07-09 07:43:33] local.INFO: Building search query for section_id: 46 in table: legaldocument1  
[2025-07-09 07:43:33] local.INFO: Built query: select * from `legaldocument1` where `category_id` = ? and (`section_id` = ? or `section_id` like ? or `section_id` like ?) order by CASE 
                    WHEN section_id = ? THEN 1
                    WHEN section_id LIKE ? THEN 2
                    ELSE 3
                END limit 10 with bindings: ["1","46","46.%","46%","46","46.%"]  
[2025-07-09 07:43:33] local.INFO: Executing query: select * from `legaldocument1` where `category_id` = ? and (`section_id` = ? or `section_id` like ? or `section_id` like ?) order by CASE 
                    WHEN section_id = ? THEN 1
                    WHEN section_id LIKE ? THEN 2
                    ELSE 3
                END limit 10 with bindings: ["1","46","46.%","46%","46","46.%"]  
[2025-07-09 07:43:33] local.INFO: Raw SQL equivalent: select * from `legaldocument1` where `category_id` = 1 and (`section_id` = 1 or `section_id` like 1 or `section_id` like 1) order by CASE 
                    WHEN section_id = 1 THEN 1
                    WHEN section_id LIKE 1 THEN 2
                    ELSE 3
                END limit 10  
[2025-07-09 07:43:33] local.INFO: Found 10 rows  
[2025-07-09 07:44:43] local.INFO: Getting clients for user ID: 2  
[2025-07-09 07:44:43] local.INFO: Found 2 clients for user 2  
[2025-07-09 07:44:43] local.INFO: Clients data: [{"id":2,"user_id":2,"client_name":"client 1","client_email":"client1@gmail.com","client_status":"Active","last_accessed":"2025-07-08T05:07:44.000000Z","created_at":"2025-06-24T09:30:50.000000Z","updated_at":"2025-07-08T05:07:44.000000Z"},{"id":3,"user_id":2,"client_name":"Client Name 02","client_email":"Email2@gmail.com","client_status":"Active","last_accessed":"2025-07-02T05:21:41.000000Z","created_at":"2025-06-26T05:37:58.000000Z","updated_at":"2025-07-02T05:21:41.000000Z"}]  
[2025-07-09 07:44:44] local.INFO: CheckSubscription: Checking subscription {"user_id":2,"subscription":{"id":51,"status":"trial","trial_ends_at":"2025-07-11 04:57:13","now":"2025-07-09 07:44:44"}} 
[2025-07-09 07:44:44] local.INFO: CheckSubscription: Active subscription found, proceeding  
[2025-07-09 07:44:55] local.INFO: Getting clients for user ID: 2  
[2025-07-09 07:44:55] local.INFO: Found 2 clients for user 2  
[2025-07-09 07:44:55] local.INFO: Clients data: [{"id":2,"user_id":2,"client_name":"client 1","client_email":"client1@gmail.com","client_status":"Active","last_accessed":"2025-07-08T05:07:44.000000Z","created_at":"2025-06-24T09:30:50.000000Z","updated_at":"2025-07-08T05:07:44.000000Z"},{"id":3,"user_id":2,"client_name":"Client Name 02","client_email":"Email2@gmail.com","client_status":"Active","last_accessed":"2025-07-02T05:21:41.000000Z","created_at":"2025-06-26T05:37:58.000000Z","updated_at":"2025-07-02T05:21:41.000000Z"}]  
[2025-07-09 07:44:56] local.INFO: CheckSubscription: Checking subscription {"user_id":2,"subscription":{"id":51,"status":"trial","trial_ends_at":"2025-07-11 04:57:13","now":"2025-07-09 07:44:56"}} 
[2025-07-09 07:44:56] local.INFO: CheckSubscription: Active subscription found, proceeding  
[2025-07-09 07:47:42] local.INFO: Getting clients for user ID: 2  
[2025-07-09 07:47:42] local.INFO: Found 2 clients for user 2  
[2025-07-09 07:47:42] local.INFO: Clients data: [{"id":2,"user_id":2,"client_name":"client 1","client_email":"client1@gmail.com","client_status":"Active","last_accessed":"2025-07-08T05:07:44.000000Z","created_at":"2025-06-24T09:30:50.000000Z","updated_at":"2025-07-08T05:07:44.000000Z"},{"id":3,"user_id":2,"client_name":"Client Name 02","client_email":"Email2@gmail.com","client_status":"Active","last_accessed":"2025-07-02T05:21:41.000000Z","created_at":"2025-06-26T05:37:58.000000Z","updated_at":"2025-07-02T05:21:41.000000Z"}]  
[2025-07-09 07:47:43] local.INFO: CheckSubscription: Checking subscription {"user_id":2,"subscription":{"id":51,"status":"trial","trial_ends_at":"2025-07-11 04:57:13","now":"2025-07-09 07:47:43"}} 
[2025-07-09 07:47:43] local.INFO: CheckSubscription: Active subscription found, proceeding  
[2025-07-09 07:47:58] local.INFO: Getting clients for user ID: 2  
[2025-07-09 07:47:58] local.INFO: Found 2 clients for user 2  
[2025-07-09 07:47:58] local.INFO: Clients data: [{"id":2,"user_id":2,"client_name":"client 1","client_email":"client1@gmail.com","client_status":"Active","last_accessed":"2025-07-08T05:07:44.000000Z","created_at":"2025-06-24T09:30:50.000000Z","updated_at":"2025-07-08T05:07:44.000000Z"},{"id":3,"user_id":2,"client_name":"Client Name 02","client_email":"Email2@gmail.com","client_status":"Active","last_accessed":"2025-07-02T05:21:41.000000Z","created_at":"2025-06-26T05:37:58.000000Z","updated_at":"2025-07-02T05:21:41.000000Z"}]  
[2025-07-09 07:47:59] local.INFO: CheckSubscription: Checking subscription {"user_id":2,"subscription":{"id":51,"status":"trial","trial_ends_at":"2025-07-11 04:57:13","now":"2025-07-09 07:47:59"}} 
[2025-07-09 07:47:59] local.INFO: CheckSubscription: Active subscription found, proceeding  
[2025-07-09 07:49:40] local.INFO: Getting clients for user ID: 2  
[2025-07-09 07:49:40] local.INFO: Found 2 clients for user 2  
[2025-07-09 07:49:40] local.INFO: Clients data: [{"id":2,"user_id":2,"client_name":"client 1","client_email":"client1@gmail.com","client_status":"Active","last_accessed":"2025-07-08T05:07:44.000000Z","created_at":"2025-06-24T09:30:50.000000Z","updated_at":"2025-07-08T05:07:44.000000Z"},{"id":3,"user_id":2,"client_name":"Client Name 02","client_email":"Email2@gmail.com","client_status":"Active","last_accessed":"2025-07-02T05:21:41.000000Z","created_at":"2025-06-26T05:37:58.000000Z","updated_at":"2025-07-02T05:21:41.000000Z"}]  
[2025-07-09 07:49:41] local.INFO: CheckSubscription: Checking subscription {"user_id":2,"subscription":{"id":51,"status":"trial","trial_ends_at":"2025-07-11 04:57:13","now":"2025-07-09 07:49:41"}} 
[2025-07-09 07:49:41] local.INFO: CheckSubscription: Active subscription found, proceeding  
[2025-07-09 08:13:46] local.INFO: Getting clients for user ID: 2  
[2025-07-09 08:13:46] local.INFO: Found 2 clients for user 2  
[2025-07-09 08:13:46] local.INFO: Clients data: [{"id":2,"user_id":2,"client_name":"client 1","client_email":"client1@gmail.com","client_status":"Active","last_accessed":"2025-07-08T05:07:44.000000Z","created_at":"2025-06-24T09:30:50.000000Z","updated_at":"2025-07-08T05:07:44.000000Z"},{"id":3,"user_id":2,"client_name":"Client Name 02","client_email":"Email2@gmail.com","client_status":"Active","last_accessed":"2025-07-02T05:21:41.000000Z","created_at":"2025-06-26T05:37:58.000000Z","updated_at":"2025-07-02T05:21:41.000000Z"}]  
[2025-07-09 08:13:47] local.INFO: CheckSubscription: Checking subscription {"user_id":2,"subscription":{"id":51,"status":"trial","trial_ends_at":"2025-07-11 04:57:13","now":"2025-07-09 08:13:47"}} 
[2025-07-09 08:13:47] local.INFO: CheckSubscription: Active subscription found, proceeding  
[2025-07-09 08:15:51] local.INFO: Getting clients for user ID: 2  
[2025-07-09 08:15:51] local.INFO: Found 2 clients for user 2  
[2025-07-09 08:15:51] local.INFO: Clients data: [{"id":2,"user_id":2,"client_name":"client 1","client_email":"client1@gmail.com","client_status":"Active","last_accessed":"2025-07-08T05:07:44.000000Z","created_at":"2025-06-24T09:30:50.000000Z","updated_at":"2025-07-08T05:07:44.000000Z"},{"id":3,"user_id":2,"client_name":"Client Name 02","client_email":"Email2@gmail.com","client_status":"Active","last_accessed":"2025-07-02T05:21:41.000000Z","created_at":"2025-06-26T05:37:58.000000Z","updated_at":"2025-07-02T05:21:41.000000Z"}]  
[2025-07-09 08:15:52] local.INFO: CheckSubscription: Checking subscription {"user_id":2,"subscription":{"id":51,"status":"trial","trial_ends_at":"2025-07-11 04:57:13","now":"2025-07-09 08:15:52"}} 
[2025-07-09 08:15:52] local.INFO: CheckSubscription: Active subscription found, proceeding  
[2025-07-09 08:16:32] local.INFO: Getting clients for user ID: 2  
[2025-07-09 08:16:32] local.INFO: Found 2 clients for user 2  
[2025-07-09 08:16:32] local.INFO: Clients data: [{"id":2,"user_id":2,"client_name":"client 1","client_email":"client1@gmail.com","client_status":"Active","last_accessed":"2025-07-08T05:07:44.000000Z","created_at":"2025-06-24T09:30:50.000000Z","updated_at":"2025-07-08T05:07:44.000000Z"},{"id":3,"user_id":2,"client_name":"Client Name 02","client_email":"Email2@gmail.com","client_status":"Active","last_accessed":"2025-07-02T05:21:41.000000Z","created_at":"2025-06-26T05:37:58.000000Z","updated_at":"2025-07-02T05:21:41.000000Z"}]  
[2025-07-09 08:16:33] local.INFO: CheckSubscription: Checking subscription {"user_id":2,"subscription":{"id":51,"status":"trial","trial_ends_at":"2025-07-11 04:57:13","now":"2025-07-09 08:16:33"}} 
[2025-07-09 08:16:33] local.INFO: CheckSubscription: Active subscription found, proceeding  
[2025-07-09 08:17:43] local.INFO: Getting clients for user ID: 2  
[2025-07-09 08:17:43] local.INFO: Found 2 clients for user 2  
[2025-07-09 08:17:43] local.INFO: Clients data: [{"id":2,"user_id":2,"client_name":"client 1","client_email":"client1@gmail.com","client_status":"Active","last_accessed":"2025-07-08T05:07:44.000000Z","created_at":"2025-06-24T09:30:50.000000Z","updated_at":"2025-07-08T05:07:44.000000Z"},{"id":3,"user_id":2,"client_name":"Client Name 02","client_email":"Email2@gmail.com","client_status":"Active","last_accessed":"2025-07-02T05:21:41.000000Z","created_at":"2025-06-26T05:37:58.000000Z","updated_at":"2025-07-02T05:21:41.000000Z"}]  
[2025-07-09 08:17:45] local.INFO: CheckSubscription: Checking subscription {"user_id":2,"subscription":{"id":51,"status":"trial","trial_ends_at":"2025-07-11 04:57:13","now":"2025-07-09 08:17:44"}} 
[2025-07-09 08:17:45] local.INFO: CheckSubscription: Active subscription found, proceeding  
[2025-07-09 08:23:36] local.INFO: Getting clients for user ID: 2  
[2025-07-09 08:23:36] local.INFO: Found 2 clients for user 2  
[2025-07-09 08:23:36] local.INFO: Clients data: [{"id":2,"user_id":2,"client_name":"client 1","client_email":"client1@gmail.com","client_status":"Active","last_accessed":"2025-07-08T05:07:44.000000Z","created_at":"2025-06-24T09:30:50.000000Z","updated_at":"2025-07-08T05:07:44.000000Z"},{"id":3,"user_id":2,"client_name":"Client Name 02","client_email":"Email2@gmail.com","client_status":"Active","last_accessed":"2025-07-02T05:21:41.000000Z","created_at":"2025-06-26T05:37:58.000000Z","updated_at":"2025-07-02T05:21:41.000000Z"}]  
[2025-07-09 08:23:37] local.INFO: CheckSubscription: Checking subscription {"user_id":2,"subscription":{"id":51,"status":"trial","trial_ends_at":"2025-07-11 04:57:13","now":"2025-07-09 08:23:37"}} 
[2025-07-09 08:23:37] local.INFO: CheckSubscription: Active subscription found, proceeding  
[2025-07-09 08:25:09] local.INFO: CheckSubscription: Checking subscription {"user_id":2,"subscription":{"id":51,"status":"trial","trial_ends_at":"2025-07-11 04:57:13","now":"2025-07-09 08:25:09"}} 
[2025-07-09 08:25:09] local.INFO: CheckSubscription: Active subscription found, proceeding  
[2025-07-09 08:25:11] local.INFO: CheckSubscription: Checking subscription {"user_id":2,"subscription":{"id":51,"status":"trial","trial_ends_at":"2025-07-11 04:57:13","now":"2025-07-09 08:25:11"}} 
[2025-07-09 08:25:11] local.INFO: CheckSubscription: Active subscription found, proceeding  
[2025-07-09 08:25:12] local.INFO: CheckSubscription: Checking subscription {"user_id":2,"subscription":{"id":51,"status":"trial","trial_ends_at":"2025-07-11 04:57:13","now":"2025-07-09 08:25:12"}} 
[2025-07-09 08:25:12] local.INFO: CheckSubscription: Active subscription found, proceeding  
[2025-07-09 08:26:17] local.INFO: Getting clients for user ID: 2  
[2025-07-09 08:26:17] local.INFO: Found 2 clients for user 2  
[2025-07-09 08:26:17] local.INFO: Clients data: [{"id":2,"user_id":2,"client_name":"client 1","client_email":"client1@gmail.com","client_status":"Active","last_accessed":"2025-07-08T05:07:44.000000Z","created_at":"2025-06-24T09:30:50.000000Z","updated_at":"2025-07-08T05:07:44.000000Z"},{"id":3,"user_id":2,"client_name":"Client Name 02","client_email":"Email2@gmail.com","client_status":"Active","last_accessed":"2025-07-02T05:21:41.000000Z","created_at":"2025-06-26T05:37:58.000000Z","updated_at":"2025-07-02T05:21:41.000000Z"}]  
[2025-07-09 08:26:18] local.INFO: CheckSubscription: Checking subscription {"user_id":2,"subscription":{"id":51,"status":"trial","trial_ends_at":"2025-07-11 04:57:13","now":"2025-07-09 08:26:18"}} 
[2025-07-09 08:26:18] local.INFO: CheckSubscription: Active subscription found, proceeding  
[2025-07-09 08:29:56] local.INFO: Getting clients for user ID: 2  
[2025-07-09 08:29:56] local.INFO: Found 2 clients for user 2  
[2025-07-09 08:29:56] local.INFO: Clients data: [{"id":2,"user_id":2,"client_name":"client 1","client_email":"client1@gmail.com","client_status":"Active","last_accessed":"2025-07-08T05:07:44.000000Z","created_at":"2025-06-24T09:30:50.000000Z","updated_at":"2025-07-08T05:07:44.000000Z"},{"id":3,"user_id":2,"client_name":"Client Name 02","client_email":"Email2@gmail.com","client_status":"Active","last_accessed":"2025-07-02T05:21:41.000000Z","created_at":"2025-06-26T05:37:58.000000Z","updated_at":"2025-07-02T05:21:41.000000Z"}]  
[2025-07-09 08:29:57] local.INFO: CheckSubscription: Checking subscription {"user_id":2,"subscription":{"id":51,"status":"trial","trial_ends_at":"2025-07-11 04:57:13","now":"2025-07-09 08:29:57"}} 
[2025-07-09 08:29:57] local.INFO: CheckSubscription: Active subscription found, proceeding  
[2025-07-09 08:30:24] local.INFO: Getting clients for user ID: 2  
[2025-07-09 08:30:24] local.INFO: Found 2 clients for user 2  
[2025-07-09 08:30:24] local.INFO: Clients data: [{"id":2,"user_id":2,"client_name":"client 1","client_email":"client1@gmail.com","client_status":"Active","last_accessed":"2025-07-08T05:07:44.000000Z","created_at":"2025-06-24T09:30:50.000000Z","updated_at":"2025-07-08T05:07:44.000000Z"},{"id":3,"user_id":2,"client_name":"Client Name 02","client_email":"Email2@gmail.com","client_status":"Active","last_accessed":"2025-07-02T05:21:41.000000Z","created_at":"2025-06-26T05:37:58.000000Z","updated_at":"2025-07-02T05:21:41.000000Z"}]  
[2025-07-09 08:30:25] local.INFO: CheckSubscription: Checking subscription {"user_id":2,"subscription":{"id":51,"status":"trial","trial_ends_at":"2025-07-11 04:57:13","now":"2025-07-09 08:30:25"}} 
[2025-07-09 08:30:25] local.INFO: CheckSubscription: Active subscription found, proceeding  
[2025-07-09 08:30:29] local.INFO: Getting clients for user ID: 2  
[2025-07-09 08:30:29] local.INFO: Found 2 clients for user 2  
[2025-07-09 08:30:29] local.INFO: Clients data: [{"id":2,"user_id":2,"client_name":"client 1","client_email":"client1@gmail.com","client_status":"Active","last_accessed":"2025-07-08T05:07:44.000000Z","created_at":"2025-06-24T09:30:50.000000Z","updated_at":"2025-07-08T05:07:44.000000Z"},{"id":3,"user_id":2,"client_name":"Client Name 02","client_email":"Email2@gmail.com","client_status":"Active","last_accessed":"2025-07-02T05:21:41.000000Z","created_at":"2025-06-26T05:37:58.000000Z","updated_at":"2025-07-02T05:21:41.000000Z"}]  
[2025-07-09 08:30:30] local.INFO: CheckSubscription: Checking subscription {"user_id":2,"subscription":{"id":51,"status":"trial","trial_ends_at":"2025-07-11 04:57:13","now":"2025-07-09 08:30:30"}} 
[2025-07-09 08:30:30] local.INFO: CheckSubscription: Active subscription found, proceeding  
[2025-07-09 08:30:54] local.INFO: CheckSubscription: Checking subscription {"user_id":2,"subscription":{"id":51,"status":"trial","trial_ends_at":"2025-07-11 04:57:13","now":"2025-07-09 08:30:54"}} 
[2025-07-09 08:30:54] local.INFO: CheckSubscription: Active subscription found, proceeding  
[2025-07-09 08:30:57] local.INFO: CheckSubscription: Checking subscription {"user_id":2,"subscription":{"id":51,"status":"trial","trial_ends_at":"2025-07-11 04:57:13","now":"2025-07-09 08:30:57"}} 
[2025-07-09 08:30:57] local.INFO: CheckSubscription: Active subscription found, proceeding  
[2025-07-09 08:30:57] local.INFO: CheckSubscription: Checking subscription {"user_id":2,"subscription":{"id":51,"status":"trial","trial_ends_at":"2025-07-11 04:57:13","now":"2025-07-09 08:30:57"}} 
[2025-07-09 08:30:57] local.INFO: CheckSubscription: Active subscription found, proceeding  
[2025-07-09 08:31:01] local.INFO: Getting clients for user ID: 2  
[2025-07-09 08:31:01] local.INFO: Found 2 clients for user 2  
[2025-07-09 08:31:01] local.INFO: Clients data: [{"id":2,"user_id":2,"client_name":"client 1","client_email":"client1@gmail.com","client_status":"Active","last_accessed":"2025-07-08T05:07:44.000000Z","created_at":"2025-06-24T09:30:50.000000Z","updated_at":"2025-07-08T05:07:44.000000Z"},{"id":3,"user_id":2,"client_name":"Client Name 02","client_email":"Email2@gmail.com","client_status":"Active","last_accessed":"2025-07-02T05:21:41.000000Z","created_at":"2025-06-26T05:37:58.000000Z","updated_at":"2025-07-02T05:21:41.000000Z"}]  
[2025-07-09 08:31:02] local.INFO: CheckSubscription: Checking subscription {"user_id":2,"subscription":{"id":51,"status":"trial","trial_ends_at":"2025-07-11 04:57:13","now":"2025-07-09 08:31:02"}} 
[2025-07-09 08:31:02] local.INFO: CheckSubscription: Active subscription found, proceeding  
[2025-07-09 08:31:17] local.INFO: Getting clients for user ID: 2  
[2025-07-09 08:31:17] local.INFO: Found 2 clients for user 2  
[2025-07-09 08:31:17] local.INFO: Clients data: [{"id":2,"user_id":2,"client_name":"client 1","client_email":"client1@gmail.com","client_status":"Active","last_accessed":"2025-07-08T05:07:44.000000Z","created_at":"2025-06-24T09:30:50.000000Z","updated_at":"2025-07-08T05:07:44.000000Z"},{"id":3,"user_id":2,"client_name":"Client Name 02","client_email":"Email2@gmail.com","client_status":"Active","last_accessed":"2025-07-02T05:21:41.000000Z","created_at":"2025-06-26T05:37:58.000000Z","updated_at":"2025-07-02T05:21:41.000000Z"}]  
[2025-07-09 08:31:18] local.INFO: CheckSubscription: Checking subscription {"user_id":2,"subscription":{"id":51,"status":"trial","trial_ends_at":"2025-07-11 04:57:13","now":"2025-07-09 08:31:18"}} 
[2025-07-09 08:31:18] local.INFO: CheckSubscription: Active subscription found, proceeding  
[2025-07-09 08:31:22] local.INFO: Getting clients for user ID: 2  
[2025-07-09 08:31:22] local.INFO: Found 2 clients for user 2  
[2025-07-09 08:31:22] local.INFO: Clients data: [{"id":2,"user_id":2,"client_name":"client 1","client_email":"client1@gmail.com","client_status":"Active","last_accessed":"2025-07-08T05:07:44.000000Z","created_at":"2025-06-24T09:30:50.000000Z","updated_at":"2025-07-08T05:07:44.000000Z"},{"id":3,"user_id":2,"client_name":"Client Name 02","client_email":"Email2@gmail.com","client_status":"Active","last_accessed":"2025-07-02T05:21:41.000000Z","created_at":"2025-06-26T05:37:58.000000Z","updated_at":"2025-07-02T05:21:41.000000Z"}]  
[2025-07-09 08:31:23] local.INFO: CheckSubscription: Checking subscription {"user_id":2,"subscription":{"id":51,"status":"trial","trial_ends_at":"2025-07-11 04:57:13","now":"2025-07-09 08:31:23"}} 
[2025-07-09 08:31:23] local.INFO: CheckSubscription: Active subscription found, proceeding  
[2025-07-09 08:31:24] local.INFO: Getting clients for user ID: 2  
[2025-07-09 08:31:24] local.INFO: Found 2 clients for user 2  
[2025-07-09 08:31:24] local.INFO: Clients data: [{"id":2,"user_id":2,"client_name":"client 1","client_email":"client1@gmail.com","client_status":"Active","last_accessed":"2025-07-08T05:07:44.000000Z","created_at":"2025-06-24T09:30:50.000000Z","updated_at":"2025-07-08T05:07:44.000000Z"},{"id":3,"user_id":2,"client_name":"Client Name 02","client_email":"Email2@gmail.com","client_status":"Active","last_accessed":"2025-07-02T05:21:41.000000Z","created_at":"2025-06-26T05:37:58.000000Z","updated_at":"2025-07-02T05:21:41.000000Z"}]  
[2025-07-09 08:31:25] local.INFO: CheckSubscription: Checking subscription {"user_id":2,"subscription":{"id":51,"status":"trial","trial_ends_at":"2025-07-11 04:57:13","now":"2025-07-09 08:31:25"}} 
[2025-07-09 08:31:25] local.INFO: CheckSubscription: Active subscription found, proceeding  
[2025-07-09 08:31:34] local.INFO: Getting clients for user ID: 2  
[2025-07-09 08:31:34] local.INFO: Found 2 clients for user 2  
[2025-07-09 08:31:34] local.INFO: Clients data: [{"id":2,"user_id":2,"client_name":"client 1","client_email":"client1@gmail.com","client_status":"Active","last_accessed":"2025-07-08T05:07:44.000000Z","created_at":"2025-06-24T09:30:50.000000Z","updated_at":"2025-07-08T05:07:44.000000Z"},{"id":3,"user_id":2,"client_name":"Client Name 02","client_email":"Email2@gmail.com","client_status":"Active","last_accessed":"2025-07-02T05:21:41.000000Z","created_at":"2025-06-26T05:37:58.000000Z","updated_at":"2025-07-02T05:21:41.000000Z"}]  
[2025-07-09 08:31:35] local.INFO: CheckSubscription: Checking subscription {"user_id":2,"subscription":{"id":51,"status":"trial","trial_ends_at":"2025-07-11 04:57:13","now":"2025-07-09 08:31:35"}} 
[2025-07-09 08:31:35] local.INFO: CheckSubscription: Active subscription found, proceeding  
[2025-07-09 08:32:58] local.INFO: CheckSubscription: Checking subscription {"user_id":2,"subscription":{"id":51,"status":"trial","trial_ends_at":"2025-07-11 04:57:13","now":"2025-07-09 08:32:58"}} 
[2025-07-09 08:32:58] local.INFO: CheckSubscription: Active subscription found, proceeding  
[2025-07-09 08:33:00] local.INFO: CheckSubscription: Checking subscription {"user_id":2,"subscription":{"id":51,"status":"trial","trial_ends_at":"2025-07-11 04:57:13","now":"2025-07-09 08:33:00"}} 
[2025-07-09 08:33:00] local.INFO: CheckSubscription: Active subscription found, proceeding  
[2025-07-09 08:33:01] local.INFO: CheckSubscription: Checking subscription {"user_id":2,"subscription":{"id":51,"status":"trial","trial_ends_at":"2025-07-11 04:57:13","now":"2025-07-09 08:33:01"}} 
[2025-07-09 08:33:01] local.INFO: CheckSubscription: Active subscription found, proceeding  
[2025-07-09 08:33:05] local.INFO: Getting clients for user ID: 2  
[2025-07-09 08:33:05] local.INFO: Found 2 clients for user 2  
[2025-07-09 08:33:05] local.INFO: Clients data: [{"id":2,"user_id":2,"client_name":"client 1","client_email":"client1@gmail.com","client_status":"Active","last_accessed":"2025-07-08T05:07:44.000000Z","created_at":"2025-06-24T09:30:50.000000Z","updated_at":"2025-07-08T05:07:44.000000Z"},{"id":3,"user_id":2,"client_name":"Client Name 02","client_email":"Email2@gmail.com","client_status":"Active","last_accessed":"2025-07-02T05:21:41.000000Z","created_at":"2025-06-26T05:37:58.000000Z","updated_at":"2025-07-02T05:21:41.000000Z"}]  
[2025-07-09 08:33:06] local.INFO: CheckSubscription: Checking subscription {"user_id":2,"subscription":{"id":51,"status":"trial","trial_ends_at":"2025-07-11 04:57:13","now":"2025-07-09 08:33:06"}} 
[2025-07-09 08:33:06] local.INFO: CheckSubscription: Active subscription found, proceeding  
[2025-07-09 08:40:55] local.INFO: Getting clients for user ID: 2  
[2025-07-09 08:40:55] local.INFO: Found 2 clients for user 2  
[2025-07-09 08:40:55] local.INFO: Clients data: [{"id":2,"user_id":2,"client_name":"client 1","client_email":"client1@gmail.com","client_status":"Active","last_accessed":"2025-07-08T05:07:44.000000Z","created_at":"2025-06-24T09:30:50.000000Z","updated_at":"2025-07-08T05:07:44.000000Z"},{"id":3,"user_id":2,"client_name":"Client Name 02","client_email":"Email2@gmail.com","client_status":"Active","last_accessed":"2025-07-02T05:21:41.000000Z","created_at":"2025-06-26T05:37:58.000000Z","updated_at":"2025-07-02T05:21:41.000000Z"}]  
[2025-07-09 08:40:56] local.INFO: CheckSubscription: Checking subscription {"user_id":2,"subscription":{"id":51,"status":"trial","trial_ends_at":"2025-07-11 04:57:13","now":"2025-07-09 08:40:56"}} 
[2025-07-09 08:40:56] local.INFO: CheckSubscription: Active subscription found, proceeding  
[2025-07-09 08:46:19] local.INFO: Getting clients for user ID: 2  
[2025-07-09 08:46:19] local.INFO: Found 2 clients for user 2  
[2025-07-09 08:46:19] local.INFO: Clients data: [{"id":2,"user_id":2,"client_name":"client 1","client_email":"client1@gmail.com","client_status":"Active","last_accessed":"2025-07-08T05:07:44.000000Z","created_at":"2025-06-24T09:30:50.000000Z","updated_at":"2025-07-08T05:07:44.000000Z"},{"id":3,"user_id":2,"client_name":"Client Name 02","client_email":"Email2@gmail.com","client_status":"Active","last_accessed":"2025-07-02T05:21:41.000000Z","created_at":"2025-06-26T05:37:58.000000Z","updated_at":"2025-07-02T05:21:41.000000Z"}]  
[2025-07-09 08:46:20] local.INFO: CheckSubscription: Checking subscription {"user_id":2,"subscription":{"id":51,"status":"trial","trial_ends_at":"2025-07-11 04:57:13","now":"2025-07-09 08:46:20"}} 
[2025-07-09 08:46:20] local.INFO: CheckSubscription: Active subscription found, proceeding  
[2025-07-09 08:47:39] local.INFO: Getting clients for user ID: 2  
[2025-07-09 08:47:39] local.INFO: Found 2 clients for user 2  
[2025-07-09 08:47:39] local.INFO: Clients data: [{"id":2,"user_id":2,"client_name":"client 1","client_email":"client1@gmail.com","client_status":"Active","last_accessed":"2025-07-08T05:07:44.000000Z","created_at":"2025-06-24T09:30:50.000000Z","updated_at":"2025-07-08T05:07:44.000000Z"},{"id":3,"user_id":2,"client_name":"Client Name 02","client_email":"Email2@gmail.com","client_status":"Active","last_accessed":"2025-07-02T05:21:41.000000Z","created_at":"2025-06-26T05:37:58.000000Z","updated_at":"2025-07-02T05:21:41.000000Z"}]  
[2025-07-09 08:47:40] local.INFO: CheckSubscription: Checking subscription {"user_id":2,"subscription":{"id":51,"status":"trial","trial_ends_at":"2025-07-11 04:57:13","now":"2025-07-09 08:47:40"}} 
[2025-07-09 08:47:40] local.INFO: CheckSubscription: Active subscription found, proceeding  
[2025-07-09 09:34:32] local.INFO: Getting clients for user ID: 2  
[2025-07-09 09:34:32] local.INFO: Found 2 clients for user 2  
[2025-07-09 09:34:32] local.INFO: Clients data: [{"id":2,"user_id":2,"client_name":"client 1","client_email":"client1@gmail.com","client_status":"Active","last_accessed":"2025-07-08T05:07:44.000000Z","created_at":"2025-06-24T09:30:50.000000Z","updated_at":"2025-07-08T05:07:44.000000Z"},{"id":3,"user_id":2,"client_name":"Client Name 02","client_email":"Email2@gmail.com","client_status":"Active","last_accessed":"2025-07-02T05:21:41.000000Z","created_at":"2025-06-26T05:37:58.000000Z","updated_at":"2025-07-02T05:21:41.000000Z"}]  
[2025-07-09 09:34:33] local.INFO: CheckSubscription: Checking subscription {"user_id":2,"subscription":{"id":51,"status":"trial","trial_ends_at":"2025-07-11 04:57:13","now":"2025-07-09 09:34:33"}} 
[2025-07-09 09:34:33] local.INFO: CheckSubscription: Active subscription found, proceeding  
[2025-07-09 09:40:45] local.INFO: Getting clients for user ID: 2  
[2025-07-09 09:40:45] local.INFO: Found 2 clients for user 2  
[2025-07-09 09:40:45] local.INFO: Clients data: [{"id":2,"user_id":2,"client_name":"client 1","client_email":"client1@gmail.com","client_status":"Active","last_accessed":"2025-07-08T05:07:44.000000Z","created_at":"2025-06-24T09:30:50.000000Z","updated_at":"2025-07-08T05:07:44.000000Z"},{"id":3,"user_id":2,"client_name":"Client Name 02","client_email":"Email2@gmail.com","client_status":"Active","last_accessed":"2025-07-02T05:21:41.000000Z","created_at":"2025-06-26T05:37:58.000000Z","updated_at":"2025-07-02T05:21:41.000000Z"}]  
[2025-07-09 09:40:46] local.INFO: CheckSubscription: Checking subscription {"user_id":2,"subscription":{"id":51,"status":"trial","trial_ends_at":"2025-07-11 04:57:13","now":"2025-07-09 09:40:46"}} 
[2025-07-09 09:40:46] local.INFO: CheckSubscription: Active subscription found, proceeding  
[2025-07-09 09:44:36] local.INFO: Getting clients for user ID: 2  
[2025-07-09 09:44:36] local.INFO: Found 2 clients for user 2  
[2025-07-09 09:44:36] local.INFO: Clients data: [{"id":2,"user_id":2,"client_name":"client 1","client_email":"client1@gmail.com","client_status":"Active","last_accessed":"2025-07-08T05:07:44.000000Z","created_at":"2025-06-24T09:30:50.000000Z","updated_at":"2025-07-08T05:07:44.000000Z"},{"id":3,"user_id":2,"client_name":"Client Name 02","client_email":"Email2@gmail.com","client_status":"Active","last_accessed":"2025-07-02T05:21:41.000000Z","created_at":"2025-06-26T05:37:58.000000Z","updated_at":"2025-07-02T05:21:41.000000Z"}]  
[2025-07-09 09:44:37] local.INFO: CheckSubscription: Checking subscription {"user_id":2,"subscription":{"id":51,"status":"trial","trial_ends_at":"2025-07-11 04:57:13","now":"2025-07-09 09:44:37"}} 
[2025-07-09 09:44:37] local.INFO: CheckSubscription: Active subscription found, proceeding  
[2025-07-09 09:51:48] local.INFO: Getting clients for user ID: 2  
[2025-07-09 09:51:48] local.INFO: Found 2 clients for user 2  
[2025-07-09 09:51:48] local.INFO: Clients data: [{"id":2,"user_id":2,"client_name":"client 1","client_email":"client1@gmail.com","client_status":"Active","last_accessed":"2025-07-08T05:07:44.000000Z","created_at":"2025-06-24T09:30:50.000000Z","updated_at":"2025-07-08T05:07:44.000000Z"},{"id":3,"user_id":2,"client_name":"Client Name 02","client_email":"Email2@gmail.com","client_status":"Active","last_accessed":"2025-07-02T05:21:41.000000Z","created_at":"2025-06-26T05:37:58.000000Z","updated_at":"2025-07-02T05:21:41.000000Z"}]  
[2025-07-09 09:51:49] local.INFO: CheckSubscription: Checking subscription {"user_id":2,"subscription":{"id":51,"status":"trial","trial_ends_at":"2025-07-11 04:57:13","now":"2025-07-09 09:51:49"}} 
[2025-07-09 09:51:49] local.INFO: CheckSubscription: Active subscription found, proceeding  
[2025-07-09 09:53:28] local.INFO: Getting clients for user ID: 2  
[2025-07-09 09:53:28] local.INFO: Found 2 clients for user 2  
[2025-07-09 09:53:28] local.INFO: Clients data: [{"id":2,"user_id":2,"client_name":"client 1","client_email":"client1@gmail.com","client_status":"Active","last_accessed":"2025-07-08T05:07:44.000000Z","created_at":"2025-06-24T09:30:50.000000Z","updated_at":"2025-07-08T05:07:44.000000Z"},{"id":3,"user_id":2,"client_name":"Client Name 02","client_email":"Email2@gmail.com","client_status":"Active","last_accessed":"2025-07-02T05:21:41.000000Z","created_at":"2025-06-26T05:37:58.000000Z","updated_at":"2025-07-02T05:21:41.000000Z"}]  
[2025-07-09 09:53:29] local.INFO: CheckSubscription: Checking subscription {"user_id":2,"subscription":{"id":51,"status":"trial","trial_ends_at":"2025-07-11 04:57:13","now":"2025-07-09 09:53:29"}} 
[2025-07-09 09:53:29] local.INFO: CheckSubscription: Active subscription found, proceeding  
[2025-07-09 09:54:00] local.INFO: Getting clients for user ID: 2  
[2025-07-09 09:54:00] local.INFO: Found 2 clients for user 2  
[2025-07-09 09:54:00] local.INFO: Clients data: [{"id":2,"user_id":2,"client_name":"client 1","client_email":"client1@gmail.com","client_status":"Active","last_accessed":"2025-07-08T05:07:44.000000Z","created_at":"2025-06-24T09:30:50.000000Z","updated_at":"2025-07-08T05:07:44.000000Z"},{"id":3,"user_id":2,"client_name":"Client Name 02","client_email":"Email2@gmail.com","client_status":"Active","last_accessed":"2025-07-02T05:21:41.000000Z","created_at":"2025-06-26T05:37:58.000000Z","updated_at":"2025-07-02T05:21:41.000000Z"}]  
[2025-07-09 09:54:00] local.INFO: CheckSubscription: Checking subscription {"user_id":2,"subscription":{"id":51,"status":"trial","trial_ends_at":"2025-07-11 04:57:13","now":"2025-07-09 09:54:00"}} 
[2025-07-09 09:54:00] local.INFO: CheckSubscription: Active subscription found, proceeding  
[2025-07-09 09:54:35] local.INFO: Getting clients for user ID: 2  
[2025-07-09 09:54:35] local.INFO: Found 2 clients for user 2  
[2025-07-09 09:54:35] local.INFO: Clients data: [{"id":2,"user_id":2,"client_name":"client 1","client_email":"client1@gmail.com","client_status":"Active","last_accessed":"2025-07-08T05:07:44.000000Z","created_at":"2025-06-24T09:30:50.000000Z","updated_at":"2025-07-08T05:07:44.000000Z"},{"id":3,"user_id":2,"client_name":"Client Name 02","client_email":"Email2@gmail.com","client_status":"Active","last_accessed":"2025-07-02T05:21:41.000000Z","created_at":"2025-06-26T05:37:58.000000Z","updated_at":"2025-07-02T05:21:41.000000Z"}]  
[2025-07-09 09:54:36] local.INFO: CheckSubscription: Checking subscription {"user_id":2,"subscription":{"id":51,"status":"trial","trial_ends_at":"2025-07-11 04:57:13","now":"2025-07-09 09:54:36"}} 
[2025-07-09 09:54:36] local.INFO: CheckSubscription: Active subscription found, proceeding  
[2025-07-09 09:55:01] local.INFO: Getting clients for user ID: 2  
[2025-07-09 09:55:01] local.INFO: Found 2 clients for user 2  
[2025-07-09 09:55:01] local.INFO: Clients data: [{"id":2,"user_id":2,"client_name":"client 1","client_email":"client1@gmail.com","client_status":"Active","last_accessed":"2025-07-08T05:07:44.000000Z","created_at":"2025-06-24T09:30:50.000000Z","updated_at":"2025-07-08T05:07:44.000000Z"},{"id":3,"user_id":2,"client_name":"Client Name 02","client_email":"Email2@gmail.com","client_status":"Active","last_accessed":"2025-07-02T05:21:41.000000Z","created_at":"2025-06-26T05:37:58.000000Z","updated_at":"2025-07-02T05:21:41.000000Z"}]  
[2025-07-09 09:55:01] local.INFO: CheckSubscription: Checking subscription {"user_id":2,"subscription":{"id":51,"status":"trial","trial_ends_at":"2025-07-11 04:57:13","now":"2025-07-09 09:55:01"}} 
[2025-07-09 09:55:01] local.INFO: CheckSubscription: Active subscription found, proceeding  
[2025-07-09 09:57:53] local.INFO: Getting clients for user ID: 2  
[2025-07-09 09:57:53] local.INFO: Found 2 clients for user 2  
[2025-07-09 09:57:53] local.INFO: Clients data: [{"id":2,"user_id":2,"client_name":"client 1","client_email":"client1@gmail.com","client_status":"Active","last_accessed":"2025-07-08T05:07:44.000000Z","created_at":"2025-06-24T09:30:50.000000Z","updated_at":"2025-07-08T05:07:44.000000Z"},{"id":3,"user_id":2,"client_name":"Client Name 02","client_email":"Email2@gmail.com","client_status":"Active","last_accessed":"2025-07-02T05:21:41.000000Z","created_at":"2025-06-26T05:37:58.000000Z","updated_at":"2025-07-02T05:21:41.000000Z"}]  
[2025-07-09 09:57:53] local.INFO: CheckSubscription: Checking subscription {"user_id":2,"subscription":{"id":51,"status":"trial","trial_ends_at":"2025-07-11 04:57:13","now":"2025-07-09 09:57:53"}} 
[2025-07-09 09:57:53] local.INFO: CheckSubscription: Active subscription found, proceeding  
[2025-07-09 09:58:09] local.INFO: Getting clients for user ID: 2  
[2025-07-09 09:58:09] local.INFO: Found 2 clients for user 2  
[2025-07-09 09:58:09] local.INFO: Clients data: [{"id":2,"user_id":2,"client_name":"client 1","client_email":"client1@gmail.com","client_status":"Active","last_accessed":"2025-07-08T05:07:44.000000Z","created_at":"2025-06-24T09:30:50.000000Z","updated_at":"2025-07-08T05:07:44.000000Z"},{"id":3,"user_id":2,"client_name":"Client Name 02","client_email":"Email2@gmail.com","client_status":"Active","last_accessed":"2025-07-02T05:21:41.000000Z","created_at":"2025-06-26T05:37:58.000000Z","updated_at":"2025-07-02T05:21:41.000000Z"}]  
[2025-07-09 09:58:10] local.INFO: CheckSubscription: Checking subscription {"user_id":2,"subscription":{"id":51,"status":"trial","trial_ends_at":"2025-07-11 04:57:13","now":"2025-07-09 09:58:10"}} 
[2025-07-09 09:58:10] local.INFO: CheckSubscription: Active subscription found, proceeding  
